2023-10-22 17:33:42.796 | INFO     | FedUtils.fed.fedavg_mine:train:41 - Train with 10 workers...
2023-10-22 17:33:42.798 | INFO     | FedUtils.fed.fedavg_mine:train:44 - -- Log At Round 0 --
2023-10-22 17:34:04.263 | INFO     | FedUtils.fed.fedavg_mine:train:51 - -- TEST RESULTS --
2023-10-22 17:34:04.264 | INFO     | FedUtils.models.utils:decode_stat:151 - Test_0 Accuracy: 0.10848445445299149
2023-10-22 17:34:04.264 | INFO     | FedUtils.models.utils:decode_stat:151 - Test_1 Accuracy: 0.10788513720035553
2023-10-22 17:34:04.264 | INFO     | FedUtils.fed.fedavg_mine:train:53 - -- TRAIN RESULTS --
2023-10-22 17:34:04.320 | INFO     | FedUtils.models.utils:decode_stat:157 - Accuracy: 0.10918319225311279 Loss: 2.3009886741638184
2023-10-22 17:34:06.349 | INFO     | FedUtils.fed.fedavg_mine:train:44 - -- Log At Round 1 --
2023-10-22 17:34:26.365 | INFO     | FedUtils.fed.fedavg_mine:train:51 - -- TEST RESULTS --
2023-10-22 17:34:26.365 | INFO     | FedUtils.models.utils:decode_stat:151 - Test_0 Accuracy: 0.17584197223186493
2023-10-22 17:34:26.366 | INFO     | FedUtils.models.utils:decode_stat:151 - Test_1 Accuracy: 0.171346977353096
2023-10-22 17:34:26.366 | INFO     | FedUtils.fed.fedavg_mine:train:53 - -- TRAIN RESULTS --
2023-10-22 17:34:26.423 | INFO     | FedUtils.models.utils:decode_stat:157 - Accuracy: 0.1690845638513565 Loss: 2.2788307666778564
2023-10-22 17:34:28.133 | INFO     | FedUtils.fed.fedavg_mine:train:44 - -- Log At Round 2 --
2023-10-22 17:34:47.230 | INFO     | FedUtils.fed.fedavg_mine:train:51 - -- TEST RESULTS --
2023-10-22 17:34:47.231 | INFO     | FedUtils.models.utils:decode_stat:151 - Test_0 Accuracy: 0.12953367829322815
2023-10-22 17:34:47.231 | INFO     | FedUtils.models.utils:decode_stat:151 - Test_1 Accuracy: 0.12930350005626678
2023-10-22 17:34:47.231 | INFO     | FedUtils.fed.fedavg_mine:train:53 - -- TRAIN RESULTS --
2023-10-22 17:34:47.289 | INFO     | FedUtils.models.utils:decode_stat:157 - Accuracy: 0.13305014371871948 Loss: 2.268955945968628
2023-10-22 17:34:49.048 | INFO     | FedUtils.fed.fedavg_mine:train:44 - -- Log At Round 3 --
2023-10-22 17:35:07.803 | INFO     | FedUtils.fed.fedavg_mine:train:51 - -- TEST RESULTS --
2023-10-22 17:35:07.804 | INFO     | FedUtils.models.utils:decode_stat:151 - Test_0 Accuracy: 0.2849740982055664
2023-10-22 17:35:07.804 | INFO     | FedUtils.models.utils:decode_stat:151 - Test_1 Accuracy: 0.29811200499534607
2023-10-22 17:35:07.805 | INFO     | FedUtils.fed.fedavg_mine:train:53 - -- TRAIN RESULTS --
2023-10-22 17:35:07.862 | INFO     | FedUtils.models.utils:decode_stat:157 - Accuracy: 0.2965189516544342 Loss: 2.1953155994415283
2023-10-22 17:35:09.205 | INFO     | FedUtils.fed.fedavg_mine:train:44 - -- Log At Round 4 --
2023-10-22 17:35:28.592 | INFO     | FedUtils.fed.fedavg_mine:train:51 - -- TEST RESULTS --
2023-10-22 17:35:28.593 | INFO     | FedUtils.models.utils:decode_stat:151 - Test_0 Accuracy: 0.3131476640701294
2023-10-22 17:35:28.594 | INFO     | FedUtils.models.utils:decode_stat:151 - Test_1 Accuracy: 0.3095351457595825
2023-10-22 17:35:28.594 | INFO     | FedUtils.fed.fedavg_mine:train:53 - -- TRAIN RESULTS --
2023-10-22 17:35:28.653 | INFO     | FedUtils.models.utils:decode_stat:157 - Accuracy: 0.3088304102420807 Loss: 2.0102458000183105
2023-10-22 17:35:30.113 | INFO     | FedUtils.fed.fedavg_mine:train:44 - -- Log At Round 5 --
2023-10-22 17:35:50.215 | INFO     | FedUtils.fed.fedavg_mine:train:51 - -- TEST RESULTS --
2023-10-22 17:35:50.218 | INFO     | FedUtils.models.utils:decode_stat:151 - Test_0 Accuracy: 0.4391191601753235
2023-10-22 17:35:50.218 | INFO     | FedUtils.models.utils:decode_stat:151 - Test_1 Accuracy: 0.43487226963043213
2023-10-22 17:35:50.219 | INFO     | FedUtils.fed.fedavg_mine:train:53 - -- TRAIN RESULTS --
2023-10-22 17:35:50.277 | INFO     | FedUtils.models.utils:decode_stat:157 - Accuracy: 0.4388206899166107 Loss: 1.9524952173233032
2023-10-22 17:35:51.516 | INFO     | FedUtils.fed.fedavg_mine:train:44 - -- Log At Round 6 --
2023-10-22 17:36:11.204 | INFO     | FedUtils.fed.fedavg_mine:train:51 - -- TEST RESULTS --
2023-10-22 17:36:11.205 | INFO     | FedUtils.models.utils:decode_stat:151 - Test_0 Accuracy: 0.42454662919044495
2023-10-22 17:36:11.205 | INFO     | FedUtils.models.utils:decode_stat:151 - Test_1 Accuracy: 0.415357768535614
2023-10-22 17:36:11.206 | INFO     | FedUtils.fed.fedavg_mine:train:53 - -- TRAIN RESULTS --
2023-10-22 17:36:11.264 | INFO     | FedUtils.models.utils:decode_stat:157 - Accuracy: 0.42524927854537964 Loss: 1.742847204208374
2023-10-22 17:36:12.688 | INFO     | FedUtils.fed.fedavg_mine:train:44 - -- Log At Round 7 --
2023-10-22 17:36:31.024 | INFO     | FedUtils.fed.fedavg_mine:train:51 - -- TEST RESULTS --
2023-10-22 17:36:31.025 | INFO     | FedUtils.models.utils:decode_stat:151 - Test_0 Accuracy: 0.45077720284461975
2023-10-22 17:36:31.025 | INFO     | FedUtils.models.utils:decode_stat:151 - Test_1 Accuracy: 0.4448675215244293
2023-10-22 17:36:31.026 | INFO     | FedUtils.fed.fedavg_mine:train:53 - -- TRAIN RESULTS --
2023-10-22 17:36:31.083 | INFO     | FedUtils.models.utils:decode_stat:157 - Accuracy: 0.4435724914073944 Loss: 1.9450324773788452
2023-10-22 17:36:32.282 | INFO     | FedUtils.fed.fedavg_mine:train:44 - -- Log At Round 8 --
2023-10-22 17:36:50.844 | INFO     | FedUtils.fed.fedavg_mine:train:51 - -- TEST RESULTS --
2023-10-22 17:36:50.846 | INFO     | FedUtils.models.utils:decode_stat:151 - Test_0 Accuracy: 0.38795337080955505
2023-10-22 17:36:50.846 | INFO     | FedUtils.models.utils:decode_stat:151 - Test_1 Accuracy: 0.38140568137168884
2023-10-22 17:36:50.846 | INFO     | FedUtils.fed.fedavg_mine:train:53 - -- TRAIN RESULTS --
2023-10-22 17:36:50.904 | INFO     | FedUtils.models.utils:decode_stat:157 - Accuracy: 0.37819936871528625 Loss: 2.1961989402770996
2023-10-22 17:36:52.704 | INFO     | FedUtils.fed.fedavg_mine:train:44 - -- Log At Round 9 --
2023-10-22 17:37:12.807 | INFO     | FedUtils.fed.fedavg_mine:train:51 - -- TEST RESULTS --
2023-10-22 17:37:12.808 | INFO     | FedUtils.models.utils:decode_stat:151 - Test_0 Accuracy: 0.4290803074836731
2023-10-22 17:37:12.809 | INFO     | FedUtils.models.utils:decode_stat:151 - Test_1 Accuracy: 0.4297953248023987
2023-10-22 17:37:12.809 | INFO     | FedUtils.fed.fedavg_mine:train:53 - -- TRAIN RESULTS --
2023-10-22 17:37:12.867 | INFO     | FedUtils.models.utils:decode_stat:157 - Accuracy: 0.4220094382762909 Loss: 1.674113154411316
2023-10-22 17:37:15.893 | INFO     | FedUtils.fed.fedavg_mine:train:44 - -- Log At Round 10 --
2023-10-22 17:37:35.246 | INFO     | FedUtils.fed.fedavg_mine:train:51 - -- TEST RESULTS --
2023-10-22 17:37:35.247 | INFO     | FedUtils.models.utils:decode_stat:151 - Test_0 Accuracy: 0.6398963928222656
2023-10-22 17:37:35.248 | INFO     | FedUtils.models.utils:decode_stat:151 - Test_1 Accuracy: 0.6366809606552124
2023-10-22 17:37:35.248 | INFO     | FedUtils.fed.fedavg_mine:train:53 - -- TRAIN RESULTS --
2023-10-22 17:37:35.308 | INFO     | FedUtils.models.utils:decode_stat:157 - Accuracy: 0.6394038796424866 Loss: 1.1604902744293213
2023-10-22 17:37:37.457 | INFO     | FedUtils.fed.fedavg_mine:train:44 - -- Log At Round 11 --
2023-10-22 17:37:56.808 | INFO     | FedUtils.fed.fedavg_mine:train:51 - -- TEST RESULTS --
2023-10-22 17:37:56.809 | INFO     | FedUtils.models.utils:decode_stat:151 - Test_0 Accuracy: 0.6525259017944336
2023-10-22 17:37:56.809 | INFO     | FedUtils.models.utils:decode_stat:151 - Test_1 Accuracy: 0.6433444619178772
2023-10-22 17:37:56.810 | INFO     | FedUtils.fed.fedavg_mine:train:53 - -- TRAIN RESULTS --
2023-10-22 17:37:56.866 | INFO     | FedUtils.models.utils:decode_stat:157 - Accuracy: 0.6389358639717102 Loss: 1.3489577770233154
2023-10-22 17:37:58.046 | INFO     | FedUtils.fed.fedavg_mine:train:44 - -- Log At Round 12 --
2023-10-22 17:38:16.118 | INFO     | FedUtils.fed.fedavg_mine:train:51 - -- TEST RESULTS --
2023-10-22 17:38:16.119 | INFO     | FedUtils.models.utils:decode_stat:151 - Test_0 Accuracy: 0.5142487287521362
2023-10-22 17:38:16.119 | INFO     | FedUtils.models.utils:decode_stat:151 - Test_1 Accuracy: 0.4991273880004883
2023-10-22 17:38:16.119 | INFO     | FedUtils.fed.fedavg_mine:train:53 - -- TRAIN RESULTS --
2023-10-22 17:38:16.178 | INFO     | FedUtils.models.utils:decode_stat:157 - Accuracy: 0.4954102039337158 Loss: 1.3621950149536133
2023-10-22 17:38:17.547 | INFO     | FedUtils.fed.fedavg_mine:train:44 - -- Log At Round 13 --
2023-10-22 17:38:37.184 | INFO     | FedUtils.fed.fedavg_mine:train:51 - -- TEST RESULTS --
2023-10-22 17:38:37.186 | INFO     | FedUtils.models.utils:decode_stat:151 - Test_0 Accuracy: 0.6560880541801453
2023-10-22 17:38:37.186 | INFO     | FedUtils.models.utils:decode_stat:151 - Test_1 Accuracy: 0.6460415720939636
2023-10-22 17:38:37.186 | INFO     | FedUtils.fed.fedavg_mine:train:53 - -- TRAIN RESULTS --
2023-10-22 17:38:37.245 | INFO     | FedUtils.models.utils:decode_stat:157 - Accuracy: 0.6397998332977295 Loss: 0.919467568397522
2023-10-22 17:38:38.752 | INFO     | FedUtils.fed.fedavg_mine:train:44 - -- Log At Round 14 --
2023-10-22 17:38:58.224 | INFO     | FedUtils.fed.fedavg_mine:train:51 - -- TEST RESULTS --
2023-10-22 17:38:58.225 | INFO     | FedUtils.models.utils:decode_stat:151 - Test_0 Accuracy: 0.7082253694534302
2023-10-22 17:38:58.225 | INFO     | FedUtils.models.utils:decode_stat:151 - Test_1 Accuracy: 0.6947485208511353
2023-10-22 17:38:58.225 | INFO     | FedUtils.fed.fedavg_mine:train:53 - -- TRAIN RESULTS --
2023-10-22 17:38:58.283 | INFO     | FedUtils.models.utils:decode_stat:157 - Accuracy: 0.7028690576553345 Loss: 0.9116120338439941
2023-10-22 17:38:59.625 | INFO     | FedUtils.fed.fedavg_mine:train:44 - -- Log At Round 15 --
2023-10-22 17:39:18.991 | INFO     | FedUtils.fed.fedavg_mine:train:51 - -- TEST RESULTS --
2023-10-22 17:39:18.993 | INFO     | FedUtils.models.utils:decode_stat:151 - Test_0 Accuracy: 0.6726036071777344
2023-10-22 17:39:18.993 | INFO     | FedUtils.models.utils:decode_stat:151 - Test_1 Accuracy: 0.6682531833648682
2023-10-22 17:39:18.993 | INFO     | FedUtils.fed.fedavg_mine:train:53 - -- TRAIN RESULTS --
2023-10-22 17:39:19.054 | INFO     | FedUtils.models.utils:decode_stat:157 - Accuracy: 0.6647467613220215 Loss: 1.030875563621521
2023-10-22 17:39:20.321 | INFO     | FedUtils.fed.fedavg_mine:train:44 - -- Log At Round 16 --
2023-10-22 17:39:39.258 | INFO     | FedUtils.fed.fedavg_mine:train:51 - -- TEST RESULTS --
2023-10-22 17:39:39.259 | INFO     | FedUtils.models.utils:decode_stat:151 - Test_0 Accuracy: 0.6790803074836731
2023-10-22 17:39:39.260 | INFO     | FedUtils.models.utils:decode_stat:151 - Test_1 Accuracy: 0.6679359078407288
2023-10-22 17:39:39.260 | INFO     | FedUtils.fed.fedavg_mine:train:53 - -- TRAIN RESULTS --
2023-10-22 17:39:39.318 | INFO     | FedUtils.models.utils:decode_stat:157 - Accuracy: 0.6689945459365845 Loss: 0.9648380279541016
2023-10-22 17:39:40.519 | INFO     | FedUtils.fed.fedavg_mine:train:44 - -- Log At Round 17 --
2023-10-22 17:39:59.968 | INFO     | FedUtils.fed.fedavg_mine:train:51 - -- TEST RESULTS --
2023-10-22 17:39:59.969 | INFO     | FedUtils.models.utils:decode_stat:151 - Test_0 Accuracy: 0.7704015374183655
2023-10-22 17:39:59.969 | INFO     | FedUtils.models.utils:decode_stat:151 - Test_1 Accuracy: 0.7640805840492249
2023-10-22 17:39:59.970 | INFO     | FedUtils.fed.fedavg_mine:train:53 - -- TRAIN RESULTS --
2023-10-22 17:40:00.028 | INFO     | FedUtils.models.utils:decode_stat:157 - Accuracy: 0.7652543187141418 Loss: 0.7442811727523804
2023-10-22 17:40:02.176 | INFO     | FedUtils.fed.fedavg_mine:train:44 - -- Log At Round 18 --
2023-10-22 17:40:22.283 | INFO     | FedUtils.fed.fedavg_mine:train:51 - -- TEST RESULTS --
2023-10-22 17:40:22.284 | INFO     | FedUtils.models.utils:decode_stat:151 - Test_0 Accuracy: 0.7700777053833008
2023-10-22 17:40:22.284 | INFO     | FedUtils.models.utils:decode_stat:151 - Test_1 Accuracy: 0.7574170827865601
2023-10-22 17:40:22.284 | INFO     | FedUtils.fed.fedavg_mine:train:53 - -- TRAIN RESULTS --
2023-10-22 17:40:22.342 | INFO     | FedUtils.models.utils:decode_stat:157 - Accuracy: 0.7632744312286377 Loss: 0.6441673636436462
2023-10-22 17:40:24.184 | INFO     | FedUtils.fed.fedavg_mine:train:44 - -- Log At Round 19 --
2023-10-22 17:40:43.546 | INFO     | FedUtils.fed.fedavg_mine:train:51 - -- TEST RESULTS --
2023-10-22 17:40:43.547 | INFO     | FedUtils.models.utils:decode_stat:151 - Test_0 Accuracy: 0.7590673565864563
2023-10-22 17:40:43.547 | INFO     | FedUtils.models.utils:decode_stat:151 - Test_1 Accuracy: 0.7478978037834167
2023-10-22 17:40:43.547 | INFO     | FedUtils.fed.fedavg_mine:train:53 - -- TRAIN RESULTS --
2023-10-22 17:40:43.606 | INFO     | FedUtils.models.utils:decode_stat:157 - Accuracy: 0.7552107572555542 Loss: 0.9366573095321655
2023-10-22 17:40:44.990 | INFO     | FedUtils.fed.fedavg_mine:train:44 - -- Log At Round 20 --
2023-10-22 17:41:03.784 | INFO     | FedUtils.fed.fedavg_mine:train:51 - -- TEST RESULTS --
2023-10-22 17:41:03.785 | INFO     | FedUtils.models.utils:decode_stat:151 - Test_0 Accuracy: 0.8523315787315369
2023-10-22 17:41:03.786 | INFO     | FedUtils.models.utils:decode_stat:151 - Test_1 Accuracy: 0.83864825963974
2023-10-22 17:41:03.786 | INFO     | FedUtils.fed.fedavg_mine:train:53 - -- TRAIN RESULTS --
2023-10-22 17:41:03.844 | INFO     | FedUtils.models.utils:decode_stat:157 - Accuracy: 0.8387631177902222 Loss: 0.6371553540229797
2023-10-22 17:41:05.152 | INFO     | FedUtils.fed.fedavg_mine:train:44 - -- Log At Round 21 --
2023-10-22 17:41:24.143 | INFO     | FedUtils.fed.fedavg_mine:train:51 - -- TEST RESULTS --
2023-10-22 17:41:24.144 | INFO     | FedUtils.models.utils:decode_stat:151 - Test_0 Accuracy: 0.7665155529975891
2023-10-22 17:41:24.145 | INFO     | FedUtils.models.utils:decode_stat:151 - Test_1 Accuracy: 0.753926694393158
2023-10-22 17:41:24.145 | INFO     | FedUtils.fed.fedavg_mine:train:53 - -- TRAIN RESULTS --
2023-10-22 17:41:24.204 | INFO     | FedUtils.models.utils:decode_stat:157 - Accuracy: 0.7558587193489075 Loss: 0.6982654333114624
2023-10-22 17:41:25.689 | INFO     | FedUtils.fed.fedavg_mine:train:44 - -- Log At Round 22 --
2023-10-22 17:41:45.753 | INFO     | FedUtils.fed.fedavg_mine:train:51 - -- TEST RESULTS --
2023-10-22 17:41:45.754 | INFO     | FedUtils.models.utils:decode_stat:151 - Test_0 Accuracy: 0.8416450619697571
2023-10-22 17:41:45.754 | INFO     | FedUtils.models.utils:decode_stat:151 - Test_1 Accuracy: 0.8348405361175537
2023-10-22 17:41:45.754 | INFO     | FedUtils.fed.fedavg_mine:train:53 - -- TRAIN RESULTS --
2023-10-22 17:41:45.813 | INFO     | FedUtils.models.utils:decode_stat:157 - Accuracy: 0.8343352675437927 Loss: 0.5379561185836792
2023-10-22 17:41:47.283 | INFO     | FedUtils.fed.fedavg_mine:train:44 - -- Log At Round 23 --
2023-10-22 17:42:06.928 | INFO     | FedUtils.fed.fedavg_mine:train:51 - -- TEST RESULTS --
2023-10-22 17:42:06.929 | INFO     | FedUtils.models.utils:decode_stat:151 - Test_0 Accuracy: 0.8212435245513916
2023-10-22 17:42:06.930 | INFO     | FedUtils.models.utils:decode_stat:151 - Test_1 Accuracy: 0.8105664253234863
2023-10-22 17:42:06.930 | INFO     | FedUtils.fed.fedavg_mine:train:53 - -- TRAIN RESULTS --
2023-10-22 17:42:06.989 | INFO     | FedUtils.models.utils:decode_stat:157 - Accuracy: 0.8085604310035706 Loss: 0.557102620601654
2023-10-22 17:42:08.667 | INFO     | FedUtils.fed.fedavg_mine:train:44 - -- Log At Round 24 --
2023-10-22 17:42:26.773 | INFO     | FedUtils.fed.fedavg_mine:train:51 - -- TEST RESULTS --
2023-10-22 17:42:26.774 | INFO     | FedUtils.models.utils:decode_stat:151 - Test_0 Accuracy: 0.7555052042007446
2023-10-22 17:42:26.774 | INFO     | FedUtils.models.utils:decode_stat:151 - Test_1 Accuracy: 0.7398064136505127
2023-10-22 17:42:26.774 | INFO     | FedUtils.fed.fedavg_mine:train:53 - -- TRAIN RESULTS --
2023-10-22 17:42:26.832 | INFO     | FedUtils.models.utils:decode_stat:157 - Accuracy: 0.7476871013641357 Loss: 0.6821460723876953
2023-10-22 17:42:28.201 | INFO     | FedUtils.fed.fedavg_mine:train:44 - -- Log At Round 25 --
2023-10-22 17:42:46.855 | INFO     | FedUtils.fed.fedavg_mine:train:51 - -- TEST RESULTS --
2023-10-22 17:42:46.857 | INFO     | FedUtils.models.utils:decode_stat:151 - Test_0 Accuracy: 0.8202720284461975
2023-10-22 17:42:46.857 | INFO     | FedUtils.models.utils:decode_stat:151 - Test_1 Accuracy: 0.8124702572822571
2023-10-22 17:42:46.857 | INFO     | FedUtils.fed.fedavg_mine:train:53 - -- TRAIN RESULTS --
2023-10-22 17:42:46.915 | INFO     | FedUtils.models.utils:decode_stat:157 - Accuracy: 0.8134202361106873 Loss: 0.5705136656761169
2023-10-22 17:42:48.412 | INFO     | FedUtils.fed.fedavg_mine:train:44 - -- Log At Round 26 --
2023-10-22 17:43:08.538 | INFO     | FedUtils.fed.fedavg_mine:train:51 - -- TEST RESULTS --
2023-10-22 17:43:08.539 | INFO     | FedUtils.models.utils:decode_stat:151 - Test_0 Accuracy: 0.8523315787315369
2023-10-22 17:43:08.539 | INFO     | FedUtils.models.utils:decode_stat:151 - Test_1 Accuracy: 0.8376963138580322
2023-10-22 17:43:08.540 | INFO     | FedUtils.fed.fedavg_mine:train:53 - -- TRAIN RESULTS --
2023-10-22 17:43:08.599 | INFO     | FedUtils.models.utils:decode_stat:157 - Accuracy: 0.8443068265914917 Loss: 0.5045595169067383
2023-10-22 17:43:10.217 | INFO     | FedUtils.fed.fedavg_mine:train:44 - -- Log At Round 27 --
2023-10-22 17:43:29.533 | INFO     | FedUtils.fed.fedavg_mine:train:51 - -- TEST RESULTS --
2023-10-22 17:43:29.534 | INFO     | FedUtils.models.utils:decode_stat:151 - Test_0 Accuracy: 0.8199481964111328
2023-10-22 17:43:29.534 | INFO     | FedUtils.models.utils:decode_stat:151 - Test_1 Accuracy: 0.8078692555427551
2023-10-22 17:43:29.535 | INFO     | FedUtils.fed.fedavg_mine:train:53 - -- TRAIN RESULTS --
2023-10-22 17:43:29.593 | INFO     | FedUtils.models.utils:decode_stat:157 - Accuracy: 0.8090283870697021 Loss: 0.5432601571083069
2023-10-22 17:43:31.114 | INFO     | FedUtils.fed.fedavg_mine:train:44 - -- Log At Round 28 --
2023-10-22 17:43:50.640 | INFO     | FedUtils.fed.fedavg_mine:train:51 - -- TEST RESULTS --
2023-10-22 17:43:50.641 | INFO     | FedUtils.models.utils:decode_stat:151 - Test_0 Accuracy: 0.8516839146614075
2023-10-22 17:43:50.641 | INFO     | FedUtils.models.utils:decode_stat:151 - Test_1 Accuracy: 0.8397588729858398
2023-10-22 17:43:50.641 | INFO     | FedUtils.fed.fedavg_mine:train:53 - -- TRAIN RESULTS --
2023-10-22 17:43:50.700 | INFO     | FedUtils.models.utils:decode_stat:157 - Accuracy: 0.8457468152046204 Loss: 0.4986310303211212
2023-10-22 17:43:52.666 | INFO     | FedUtils.fed.fedavg_mine:train:44 - -- Log At Round 29 --
2023-10-22 17:44:10.686 | INFO     | FedUtils.fed.fedavg_mine:train:51 - -- TEST RESULTS --
2023-10-22 17:44:10.687 | INFO     | FedUtils.models.utils:decode_stat:151 - Test_0 Accuracy: 0.8361399173736572
2023-10-22 17:44:10.688 | INFO     | FedUtils.models.utils:decode_stat:151 - Test_1 Accuracy: 0.8291289806365967
2023-10-22 17:44:10.688 | INFO     | FedUtils.fed.fedavg_mine:train:53 - -- TRAIN RESULTS --
2023-10-22 17:44:10.746 | INFO     | FedUtils.models.utils:decode_stat:157 - Accuracy: 0.8305554389953613 Loss: 0.5513110756874084
2023-10-22 17:44:11.947 | INFO     | FedUtils.fed.fedavg_mine:train:44 - -- Log At Round 30 --
2023-10-22 17:44:30.902 | INFO     | FedUtils.fed.fedavg_mine:train:51 - -- TEST RESULTS --
2023-10-22 17:44:30.904 | INFO     | FedUtils.models.utils:decode_stat:151 - Test_0 Accuracy: 0.8694947957992554
2023-10-22 17:44:30.904 | INFO     | FedUtils.models.utils:decode_stat:151 - Test_1 Accuracy: 0.857052206993103
2023-10-22 17:44:30.904 | INFO     | FedUtils.fed.fedavg_mine:train:53 - -- TRAIN RESULTS --
2023-10-22 17:44:30.963 | INFO     | FedUtils.models.utils:decode_stat:157 - Accuracy: 0.8622700572013855 Loss: 0.4605419635772705
2023-10-22 17:44:32.597 | INFO     | FedUtils.fed.fedavg_mine:train:44 - -- Log At Round 31 --
2023-10-22 17:44:52.676 | INFO     | FedUtils.fed.fedavg_mine:train:51 - -- TEST RESULTS --
2023-10-22 17:44:52.677 | INFO     | FedUtils.models.utils:decode_stat:151 - Test_0 Accuracy: 0.8542746305465698
2023-10-22 17:44:52.678 | INFO     | FedUtils.models.utils:decode_stat:151 - Test_1 Accuracy: 0.83864825963974
2023-10-22 17:44:52.678 | INFO     | FedUtils.fed.fedavg_mine:train:53 - -- TRAIN RESULTS --
2023-10-22 17:44:52.737 | INFO     | FedUtils.models.utils:decode_stat:157 - Accuracy: 0.839879035949707 Loss: 0.4760698080062866
2023-10-22 17:44:54.116 | INFO     | FedUtils.fed.fedavg_mine:train:44 - -- Log At Round 32 --
2023-10-22 17:45:13.884 | INFO     | FedUtils.fed.fedavg_mine:train:51 - -- TEST RESULTS --
2023-10-22 17:45:13.886 | INFO     | FedUtils.models.utils:decode_stat:151 - Test_0 Accuracy: 0.8636658191680908
2023-10-22 17:45:13.886 | INFO     | FedUtils.models.utils:decode_stat:151 - Test_1 Accuracy: 0.8595906496047974
2023-10-22 17:45:13.886 | INFO     | FedUtils.fed.fedavg_mine:train:53 - -- TRAIN RESULTS --
2023-10-22 17:45:13.946 | INFO     | FedUtils.models.utils:decode_stat:157 - Accuracy: 0.8581302165985107 Loss: 0.4356664717197418
2023-10-22 17:45:15.427 | INFO     | FedUtils.fed.fedavg_mine:train:44 - -- Log At Round 33 --
2023-10-22 17:45:34.591 | INFO     | FedUtils.fed.fedavg_mine:train:51 - -- TEST RESULTS --
2023-10-22 17:45:34.592 | INFO     | FedUtils.models.utils:decode_stat:151 - Test_0 Accuracy: 0.8222150206565857
2023-10-22 17:45:34.592 | INFO     | FedUtils.models.utils:decode_stat:151 - Test_1 Accuracy: 0.8092971444129944
2023-10-22 17:45:34.592 | INFO     | FedUtils.fed.fedavg_mine:train:53 - -- TRAIN RESULTS --
2023-10-22 17:45:34.649 | INFO     | FedUtils.models.utils:decode_stat:157 - Accuracy: 0.8094604015350342 Loss: 0.5400042533874512
2023-10-22 17:45:35.827 | INFO     | FedUtils.fed.fedavg_mine:train:44 - -- Log At Round 34 --
2023-10-22 17:45:54.628 | INFO     | FedUtils.fed.fedavg_mine:train:51 - -- TEST RESULTS --
2023-10-22 17:45:54.629 | INFO     | FedUtils.models.utils:decode_stat:151 - Test_0 Accuracy: 0.8040803074836731
2023-10-22 17:45:54.629 | INFO     | FedUtils.models.utils:decode_stat:151 - Test_1 Accuracy: 0.7891480326652527
2023-10-22 17:45:54.629 | INFO     | FedUtils.fed.fedavg_mine:train:53 - -- TRAIN RESULTS --
2023-10-22 17:45:54.689 | INFO     | FedUtils.models.utils:decode_stat:157 - Accuracy: 0.7947010397911072 Loss: 0.6002106666564941
2023-10-22 17:45:56.602 | INFO     | FedUtils.fed.fedavg_mine:train:44 - -- Log At Round 35 --
2023-10-22 17:46:15.910 | INFO     | FedUtils.fed.fedavg_mine:train:51 - -- TEST RESULTS --
2023-10-22 17:46:15.911 | INFO     | FedUtils.models.utils:decode_stat:151 - Test_0 Accuracy: 0.8711140155792236
2023-10-22 17:46:15.912 | INFO     | FedUtils.models.utils:decode_stat:151 - Test_1 Accuracy: 0.8581627607345581
2023-10-22 17:46:15.912 | INFO     | FedUtils.fed.fedavg_mine:train:53 - -- TRAIN RESULTS --
2023-10-22 17:46:15.971 | INFO     | FedUtils.models.utils:decode_stat:157 - Accuracy: 0.8638539910316467 Loss: 0.4344432055950165
2023-10-22 17:46:17.445 | INFO     | FedUtils.fed.fedavg_mine:train:44 - -- Log At Round 36 --
2023-10-22 17:46:37.510 | INFO     | FedUtils.fed.fedavg_mine:train:51 - -- TEST RESULTS --
2023-10-22 17:46:37.511 | INFO     | FedUtils.models.utils:decode_stat:151 - Test_0 Accuracy: 0.8452072739601135
2023-10-22 17:46:37.512 | INFO     | FedUtils.models.utils:decode_stat:151 - Test_1 Accuracy: 0.8400761485099792
2023-10-22 17:46:37.512 | INFO     | FedUtils.fed.fedavg_mine:train:53 - -- TRAIN RESULTS --
2023-10-22 17:46:37.571 | INFO     | FedUtils.models.utils:decode_stat:157 - Accuracy: 0.8376111388206482 Loss: 0.47751444578170776
2023-10-22 17:46:39.460 | INFO     | FedUtils.fed.fedavg_mine:train:44 - -- Log At Round 37 --
2023-10-22 17:46:58.078 | INFO     | FedUtils.fed.fedavg_mine:train:51 - -- TEST RESULTS --
2023-10-22 17:46:58.079 | INFO     | FedUtils.models.utils:decode_stat:151 - Test_0 Accuracy: 0.8785621523857117
2023-10-22 17:46:58.079 | INFO     | FedUtils.models.utils:decode_stat:151 - Test_1 Accuracy: 0.8727589845657349
2023-10-22 17:46:58.080 | INFO     | FedUtils.fed.fedavg_mine:train:53 - -- TRAIN RESULTS --
2023-10-22 17:46:58.137 | INFO     | FedUtils.models.utils:decode_stat:157 - Accuracy: 0.8722776174545288 Loss: 0.4137954115867615
2023-10-22 17:46:59.596 | INFO     | FedUtils.fed.fedavg_mine:train:44 - -- Log At Round 38 --
2023-10-22 17:47:18.407 | INFO     | FedUtils.fed.fedavg_mine:train:51 - -- TEST RESULTS --
2023-10-22 17:47:18.411 | INFO     | FedUtils.models.utils:decode_stat:151 - Test_0 Accuracy: 0.8707901835441589
2023-10-22 17:47:18.411 | INFO     | FedUtils.models.utils:decode_stat:151 - Test_1 Accuracy: 0.8667301535606384
2023-10-22 17:47:18.411 | INFO     | FedUtils.fed.fedavg_mine:train:53 - -- TRAIN RESULTS --
2023-10-22 17:47:18.470 | INFO     | FedUtils.models.utils:decode_stat:157 - Accuracy: 0.8643219470977783 Loss: 0.398393452167511
2023-10-22 17:47:20.079 | INFO     | FedUtils.fed.fedavg_mine:train:44 - -- Log At Round 39 --
2023-10-22 17:47:39.926 | INFO     | FedUtils.fed.fedavg_mine:train:51 - -- TEST RESULTS --
2023-10-22 17:47:39.928 | INFO     | FedUtils.models.utils:decode_stat:151 - Test_0 Accuracy: 0.8698186278343201
2023-10-22 17:47:39.928 | INFO     | FedUtils.models.utils:decode_stat:151 - Test_1 Accuracy: 0.8684753179550171
2023-10-22 17:47:39.928 | INFO     | FedUtils.fed.fedavg_mine:train:53 - -- TRAIN RESULTS --
2023-10-22 17:47:39.988 | INFO     | FedUtils.models.utils:decode_stat:157 - Accuracy: 0.8668418526649475 Loss: 0.39935302734375
2023-10-22 17:47:42.705 | INFO     | FedUtils.fed.fedavg_mine:train:44 - -- Log At Round 40 --
2023-10-22 17:48:01.735 | INFO     | FedUtils.fed.fedavg_mine:train:51 - -- TEST RESULTS --
2023-10-22 17:48:01.737 | INFO     | FedUtils.models.utils:decode_stat:151 - Test_0 Accuracy: 0.8707901835441589
2023-10-22 17:48:01.737 | INFO     | FedUtils.models.utils:decode_stat:151 - Test_1 Accuracy: 0.8587973713874817
2023-10-22 17:48:01.737 | INFO     | FedUtils.fed.fedavg_mine:train:53 - -- TRAIN RESULTS --
2023-10-22 17:48:01.796 | INFO     | FedUtils.models.utils:decode_stat:157 - Accuracy: 0.8648619651794434 Loss: 0.43450433015823364
2023-10-22 17:48:03.202 | INFO     | FedUtils.fed.fedavg_mine:train:44 - -- Log At Round 41 --
2023-10-22 17:48:22.079 | INFO     | FedUtils.fed.fedavg_mine:train:51 - -- TEST RESULTS --
2023-10-22 17:48:22.082 | INFO     | FedUtils.models.utils:decode_stat:151 - Test_0 Accuracy: 0.8604274392127991
2023-10-22 17:48:22.082 | INFO     | FedUtils.models.utils:decode_stat:151 - Test_1 Accuracy: 0.850071370601654
2023-10-22 17:48:22.083 | INFO     | FedUtils.fed.fedavg_mine:train:53 - -- TRAIN RESULTS --
2023-10-22 17:48:22.142 | INFO     | FedUtils.models.utils:decode_stat:157 - Accuracy: 0.8526944518089294 Loss: 0.42061322927474976
2023-10-22 17:48:23.719 | INFO     | FedUtils.fed.fedavg_mine:train:44 - -- Log At Round 42 --
2023-10-22 17:48:42.323 | INFO     | FedUtils.fed.fedavg_mine:train:51 - -- TEST RESULTS --
2023-10-22 17:48:42.324 | INFO     | FedUtils.models.utils:decode_stat:151 - Test_0 Accuracy: 0.9099740982055664
2023-10-22 17:48:42.325 | INFO     | FedUtils.models.utils:decode_stat:151 - Test_1 Accuracy: 0.8883071541786194
2023-10-22 17:48:42.325 | INFO     | FedUtils.fed.fedavg_mine:train:53 - -- TRAIN RESULTS --
2023-10-22 17:48:42.383 | INFO     | FedUtils.models.utils:decode_stat:157 - Accuracy: 0.8953526020050049 Loss: 0.36035749316215515
2023-10-22 17:48:43.542 | INFO     | FedUtils.fed.fedavg_mine:train:44 - -- Log At Round 43 --
2023-10-22 17:49:03.077 | INFO     | FedUtils.fed.fedavg_mine:train:51 - -- TEST RESULTS --
2023-10-22 17:49:03.079 | INFO     | FedUtils.models.utils:decode_stat:151 - Test_0 Accuracy: 0.9054403901100159
2023-10-22 17:49:03.079 | INFO     | FedUtils.models.utils:decode_stat:151 - Test_1 Accuracy: 0.8895763754844666
2023-10-22 17:49:03.079 | INFO     | FedUtils.fed.fedavg_mine:train:53 - -- TRAIN RESULTS --
2023-10-22 17:49:03.138 | INFO     | FedUtils.models.utils:decode_stat:157 - Accuracy: 0.8951725959777832 Loss: 0.3479761481285095
2023-10-22 17:49:04.830 | INFO     | FedUtils.fed.fedavg_mine:train:44 - -- Log At Round 44 --
2023-10-22 17:49:24.756 | INFO     | FedUtils.fed.fedavg_mine:train:51 - -- TEST RESULTS --
2023-10-22 17:49:24.758 | INFO     | FedUtils.models.utils:decode_stat:151 - Test_0 Accuracy: 0.8672279715538025
2023-10-22 17:49:24.758 | INFO     | FedUtils.models.utils:decode_stat:151 - Test_1 Accuracy: 0.8541964292526245
2023-10-22 17:49:24.758 | INFO     | FedUtils.fed.fedavg_mine:train:53 - -- TRAIN RESULTS --
2023-10-22 17:49:24.818 | INFO     | FedUtils.models.utils:decode_stat:157 - Accuracy: 0.8579862713813782 Loss: 0.44512590765953064
2023-10-22 17:49:26.030 | INFO     | FedUtils.fed.fedavg_mine:train:44 - -- Log At Round 45 --
2023-10-22 17:49:46.169 | INFO     | FedUtils.fed.fedavg_mine:train:51 - -- TEST RESULTS --
2023-10-22 17:49:46.170 | INFO     | FedUtils.models.utils:decode_stat:151 - Test_0 Accuracy: 0.8367875814437866
2023-10-22 17:49:46.170 | INFO     | FedUtils.models.utils:decode_stat:151 - Test_1 Accuracy: 0.8348405361175537
2023-10-22 17:49:46.171 | INFO     | FedUtils.fed.fedavg_mine:train:53 - -- TRAIN RESULTS --
2023-10-22 17:49:46.230 | INFO     | FedUtils.models.utils:decode_stat:157 - Accuracy: 0.8309154510498047 Loss: 0.5050775408744812
2023-10-22 17:49:48.023 | INFO     | FedUtils.fed.fedavg_mine:train:44 - -- Log At Round 46 --
2023-10-22 17:50:05.917 | INFO     | FedUtils.fed.fedavg_mine:train:51 - -- TEST RESULTS --
2023-10-22 17:50:05.918 | INFO     | FedUtils.models.utils:decode_stat:151 - Test_0 Accuracy: 0.7257124185562134
2023-10-22 17:50:05.919 | INFO     | FedUtils.models.utils:decode_stat:151 - Test_1 Accuracy: 0.7179120779037476
2023-10-22 17:50:05.919 | INFO     | FedUtils.fed.fedavg_mine:train:53 - -- TRAIN RESULTS --
2023-10-22 17:50:05.977 | INFO     | FedUtils.models.utils:decode_stat:157 - Accuracy: 0.7143165469169617 Loss: 0.7917946577072144
2023-10-22 17:50:07.251 | INFO     | FedUtils.fed.fedavg_mine:train:44 - -- Log At Round 47 --
